<?xml version="1.0" encoding="UTF-8"?>
<testng-results skipped="0" failed="0" total="1" passed="1">
  <reporter-output>
    <line>
      <![CDATA[Title is matichingOrangeHRM]]>
    </line>
    <line>
      <![CDATA[List box is sorted:Pass]]>
    </line>
  </reporter-output>
  <suite name="Suite" duration-ms="29923" started-at="2020-05-26T01:47:32Z" finished-at="2020-05-26T01:48:02Z">
    <groups>
    </groups>
    <test name="Test" duration-ms="29923" started-at="2020-05-26T01:47:32Z" finished-at="2020-05-26T01:48:02Z">
      <class name="scripts.TestScripts">
        <test-method status="PASS" signature="preCondition()[pri:0, instance:scripts.TestScripts@1e9e725a]" name="preCondition" is-config="true" duration-ms="12923" started-at="2020-05-26T07:17:32Z" finished-at="2020-05-26T07:17:45Z">
          <reporter-output>
          </reporter-output>
        </test-method> <!-- preCondition -->
        <test-method status="PASS" signature="testSortListBox()[pri:0, instance:scripts.TestScripts@1e9e725a]" name="testSortListBox" duration-ms="16371" started-at="2020-05-26T07:17:45Z" finished-at="2020-05-26T07:18:02Z">
          <reporter-output>
            <line>
              <![CDATA[Title is matichingOrangeHRM]]>
            </line>
            <line>
              <![CDATA[List box is sorted:Pass]]>
            </line>
          </reporter-output>
        </test-method> <!-- testSortListBox -->
        <test-method status="PASS" signature="postCondition()[pri:0, instance:scripts.TestScripts@1e9e725a]" name="postCondition" is-config="true" duration-ms="611" started-at="2020-05-26T07:18:02Z" finished-at="2020-05-26T07:18:02Z">
          <reporter-output>
          </reporter-output>
        </test-method> <!-- postCondition -->
      </class> <!-- scripts.TestScripts -->
    </test> <!-- Test -->
  </suite> <!-- Suite -->
</testng-results>
