<?xml version="1.0" encoding="UTF-8"?>
<testng-results skipped="0" failed="0" ignored="1" total="2" passed="1">
  <reporter-output>
    <line>
      <![CDATA[Title is matichingOrangeHRM]]>
    </line>
    <line>
      <![CDATA[List box is sorted:Pass]]>
    </line>
  </reporter-output>
  <suite name="Suite" duration-ms="23220" started-at="2020-05-26T07:16:22 IST" finished-at="2020-05-26T07:16:45 IST">
    <groups>
    </groups>
    <test name="Test" duration-ms="23220" started-at="2020-05-26T07:16:22 IST" finished-at="2020-05-26T07:16:45 IST">
      <class name="scripts.TestScripts">
        <test-method status="PASS" signature="preCondition()[pri:0, instance:scripts.TestScripts@1786dec2]" name="preCondition" is-config="true" duration-ms="8141" started-at="2020-05-26T07:16:22 IST" finished-at="2020-05-26T07:16:30 IST">
          <reporter-output>
          </reporter-output>
        </test-method> <!-- preCondition -->
        <test-method status="PASS" signature="testSortListBox()[pri:0, instance:scripts.TestScripts@1786dec2]" name="testSortListBox" duration-ms="14219" started-at="2020-05-26T07:16:30 IST" finished-at="2020-05-26T07:16:44 IST">
          <reporter-output>
            <line>
              <![CDATA[Title is matichingOrangeHRM]]>
            </line>
            <line>
              <![CDATA[List box is sorted:Pass]]>
            </line>
          </reporter-output>
        </test-method> <!-- testSortListBox -->
        <test-method status="PASS" signature="postCondition()[pri:0, instance:scripts.TestScripts@1786dec2]" name="postCondition" is-config="true" duration-ms="740" started-at="2020-05-26T07:16:44 IST" finished-at="2020-05-26T07:16:45 IST">
          <reporter-output>
          </reporter-output>
        </test-method> <!-- postCondition -->
      </class> <!-- scripts.TestScripts -->
    </test> <!-- Test -->
  </suite> <!-- Suite -->
</testng-results>
